<?xml version="1.0" encoding="UTF-8"?>
<!-- Generated by org.testng.reporters.JUnitReportReporter -->
<testsuite hostname="DESKTOP-4QG5HHP" failures="0" tests="1" name="authSchemes.BasicAuth" time="4.334" errors="0" timestamp="2023-08-03T09:52:01 IST" skipped="0">
  <testcase classname="authSchemes.BasicAuth" name="executeGetECho" time="4.334"/>
  <system-out/>
</testsuite> <!-- authSchemes.BasicAuth -->
