<?xml version="1.0" encoding="UTF-8"?>
<!-- Generated by org.testng.reporters.JUnitReportReporter -->
<testsuite hostname="DESKTOP-4QG5HHP" failures="0" tests="1" name="spotifyAPIs.CreatePlaylistWithPojoClass" time="2.844" errors="0" timestamp="2023-08-14T10:32:53 IST" skipped="0">
  <testcase classname="spotifyAPIs.CreatePlaylistWithPojoClass" name="createPlayListWithPojo" time="2.844"/>
  <system-out/>
</testsuite> <!-- spotifyAPIs.CreatePlaylistWithPojoClass -->
