<?xml version="1.0" encoding="UTF-8"?>
<!-- Generated by org.testng.reporters.JUnitReportReporter -->
<testsuite hostname="DESKTOP-5EVK54D" failures="0" tests="1" name="basiccalls.Get_UserDetails" time="5.007" errors="0" timestamp="2023-07-17T21:32:14 IST" skipped="0">
  <testcase classname="basiccalls.Get_UserDetails" name="getUserDetails" time="5.007"/>
  <system-out/>
</testsuite> <!-- basiccalls.Get_UserDetails -->
