<?xml version="1.0" encoding="UTF-8"?>
<!-- Generated by org.testng.reporters.JUnitReportReporter -->
<testsuite hostname="DESKTOP-4QG5HHP" failures="0" tests="2" name="specBuilders.ReqResSpecBuilder" time="4.601" errors="0" timestamp="2023-07-29T19:44:49 IST" skipped="0">
  <testcase classname="specBuilders.ReqResSpecBuilder" name="createAnUser" time="2.865"/>
  <system-out/>
  <testcase classname="specBuilders.ReqResSpecBuilder" name="getUserDetails" time="1.736"/>
  <system-out/>
</testsuite> <!-- specBuilders.ReqResSpecBuilder -->
