<?xml version="1.0" encoding="UTF-8"?>
<!-- Generated by org.testng.reporters.JUnitReportReporter -->
<testsuite hostname="DESKTOP-4QG5HHP" failures="0" tests="1" name="spotifyAPIs.CreatePlaylist" time="2.403" errors="0" timestamp="2023-08-10T09:02:46 IST" skipped="0">
  <testcase classname="spotifyAPIs.CreatePlaylist" name="createPlaylist" time="2.403"/>
  <system-out/>
</testsuite> <!-- spotifyAPIs.CreatePlaylist -->
