<?xml version="1.0" encoding="UTF-8"?>
<!-- Generated by org.testng.reporters.JUnitReportReporter -->
<testsuite hostname="DESKTOP-4QG5HHP" failures="0" tests="1" name="sendingbodyasobject.SendingBodyAsObject" time="3.771" errors="0" timestamp="2023-08-01T19:09:53 IST" skipped="0">
  <testcase classname="sendingbodyasobject.SendingBodyAsObject" name="createWorkspace" time="3.771"/>
  <system-out/>
</testsuite> <!-- sendingbodyasobject.SendingBodyAsObject -->
