<?xml version="1.0" encoding="UTF-8"?>
<!-- Generated by org.testng.reporters.JUnitReportReporter -->
<testsuite hostname="DESKTOP-4QG5HHP" failures="0" tests="1" name="basiccalls.GetPostManWorkspace" time="2.828" errors="0" timestamp="2023-07-29T19:10:04 IST" skipped="0">
  <testcase classname="basiccalls.GetPostManWorkspace" name="getAllWorkspaces" time="2.828"/>
  <system-out/>
</testsuite> <!-- basiccalls.GetPostManWorkspace -->
