<?xml version="1.0" encoding="UTF-8"?>
<!-- Generated by org.testng.reporters.JUnitReportReporter -->
<testsuite hostname="DESKTOP-4QG5HHP" failures="0" tests="4" name="com.spotify.tests.PlaylistWithReusbaleCalls" time="5.770" errors="0" timestamp="2023-08-16T09:11:04 IST" skipped="0">
  <testcase classname="com.spotify.tests.PlaylistWithReusbaleCalls" name="createPlaylist" time="3.575"/>
  <system-out/>
  <testcase classname="com.spotify.tests.PlaylistWithReusbaleCalls" name="getAPlaylist" time="0.879"/>
  <system-out/>
  <testcase classname="com.spotify.tests.PlaylistWithReusbaleCalls" name="updateAPlaylist" time="0.983"/>
  <system-out/>
  <testcase classname="com.spotify.tests.PlaylistWithReusbaleCalls" name="shouldNotbeAuthorized" time="0.333"/>
  <system-out/>
</testsuite> <!-- com.spotify.tests.PlaylistWithReusbaleCalls -->
