<?xml version="1.0" encoding="UTF-8"?>
<!-- Generated by org.testng.reporters.JUnitReportReporter -->
<testsuite hostname="DESKTOP-4QG5HHP" failures="0" tests="1" name="serializationAndDeserailization.GetAllPostmanWorkspaces" time="3.921" errors="0" timestamp="2023-08-01T22:49:23 IST" skipped="0">
  <testcase classname="serializationAndDeserailization.GetAllPostmanWorkspaces" name="getAllPostamnWorkspaces" time="3.921"/>
  <system-out/>
</testsuite> <!-- serializationAndDeserailization.GetAllPostmanWorkspaces -->
