<?xml version="1.0" encoding="UTF-8"?>
<!-- Generated by org.testng.reporters.JUnitReportReporter -->
<testsuite hostname="DESKTOP-4QG5HHP" failures="0" tests="1" name="spotifyAPIs.GetCurrentUserProfile" time="2.071" errors="0" timestamp="2023-08-10T21:10:42 IST" skipped="0">
  <testcase classname="spotifyAPIs.GetCurrentUserProfile" name="getCurrentUserProfile" time="2.071"/>
  <system-out/>
</testsuite> <!-- spotifyAPIs.GetCurrentUserProfile -->
