<?xml version="1.0" encoding="UTF-8"?>
<!-- Generated by org.testng.reporters.JUnitReportReporter -->
<testsuite hostname="DESKTOP-4QG5HHP" failures="0" tests="1" name="spotifyAPIs.GetUsersPlaylist" time="1.638" errors="0" timestamp="2023-08-10T21:14:12 IST" skipped="0">
  <testcase classname="spotifyAPIs.GetUsersPlaylist" name="getUsersPlaylists" time="1.638"/>
  <system-out/>
</testsuite> <!-- spotifyAPIs.GetUsersPlaylist -->
