<?xml version="1.0" encoding="UTF-8"?>
<!-- Generated by org.testng.reporters.JUnitReportReporter -->
<testsuite hostname="DESKTOP-4QG5HHP" failures="0" tests="1" name="uploadanddownload.UploadAFile" time="2.926" errors="0" timestamp="2023-07-29T19:50:50 IST" skipped="0">
  <testcase classname="uploadanddownload.UploadAFile" name="uploadFile" time="2.926"/>
  <system-out/>
</testsuite> <!-- uploadanddownload.UploadAFile -->
