<?xml version="1.0" encoding="UTF-8"?>
<!-- Generated by org.testng.reporters.JUnitReportReporter -->
<testsuite hostname="DESKTOP-5EVK54D" failures="0" tests="2" name="ecom.LoginAPI" time="7.070" errors="0" timestamp="2023-07-27T20:56:00 IST" skipped="0">
  <testcase classname="ecom.LoginAPI" name="loginToApp" time="6.550"/>
  <system-out/>
  <testcase classname="ecom.LoginAPI" name="addProduct" time="0.520"/>
  <system-out/>
</testsuite> <!-- ecom.LoginAPI -->
