<?xml version="1.0" encoding="UTF-8"?>
<!-- Generated by org.testng.reporters.JUnitReportReporter -->
<testsuite hostname="DESKTOP-4QG5HHP" failures="0" tests="1" name="basiccalls.GetAllPostmanWorkspaces" time="3.053" errors="0" timestamp="2023-08-01T21:50:58 IST" skipped="0">
  <testcase classname="basiccalls.GetAllPostmanWorkspaces" name="getAllPostamnWorkspaces" time="3.053"/>
  <system-out/>
</testsuite> <!-- basiccalls.GetAllPostmanWorkspaces -->
