<?xml version="1.0" encoding="UTF-8"?>
<!-- Generated by org.testng.reporters.JUnitReportReporter -->
<testsuite hostname="DESKTOP-5EVK54D" failures="0" tests="1" name="sendingbodyasobject.PostComplexJson" time="6.849" errors="0" timestamp="2023-07-28T21:13:06 IST" skipped="0">
  <testcase classname="sendingbodyasobject.PostComplexJson" name="sendingComplexJson" time="6.849"/>
  <system-out/>
</testsuite> <!-- sendingbodyasobject.PostComplexJson -->
