<?xml version="1.0" encoding="UTF-8"?>
<!-- Generated by org.testng.reporters.JUnitReportReporter -->
<testsuite hostname="DESKTOP-4QG5HHP" failures="0" tests="1" name="authSchemes.createRepo" time="2.614" errors="0" timestamp="2023-08-03T20:34:17 IST" skipped="0">
  <testcase classname="authSchemes.createRepo" name="createRepository" time="2.614"/>
  <system-out/>
</testsuite> <!-- authSchemes.createRepo -->
