<?xml version="1.0" encoding="UTF-8"?>
<!-- Generated by org.testng.reporters.JUnitReportReporter -->
<testsuite hostname="DESKTOP-4QG5HHP" failures="0" tests="2" name="com.spotify.tests.CreatePlaylist" time="3.554" errors="0" timestamp="2023-08-15T09:36:12 IST" skipped="0">
  <testcase classname="com.spotify.tests.CreatePlaylist" name="createPlaylist" time="3.051"/>
  <system-out/>
  <testcase classname="com.spotify.tests.CreatePlaylist" name="getAPlaylist" time="0.503"/>
  <system-out/>
</testsuite> <!-- com.spotify.tests.CreatePlaylist -->
