<?xml version="1.0" encoding="UTF-8"?>
<!-- Generated by org.testng.reporters.JUnitReportReporter -->
<testsuite hostname="DESKTOP-4QG5HHP" failures="0" tests="1" name="sendingbodyasobject.MockPostRequestAccounting" time="3.731" errors="0" timestamp="2023-07-30T14:44:59 IST" skipped="0">
  <testcase classname="sendingbodyasobject.MockPostRequestAccounting" name="addNewAccount" time="3.731"/>
  <system-out/>
</testsuite> <!-- sendingbodyasobject.MockPostRequestAccounting -->
