<?xml version="1.0" encoding="UTF-8"?>
<!-- Generated by org.testng.reporters.JUnitReportReporter -->
<testsuite hostname="DESKTOP-4QG5HHP" failures="0" tests="1" name="sendingbodyasobject.SendingBodyUsingString" time="3.246" errors="0" timestamp="2023-07-29T20:12:08 IST" skipped="0">
  <testcase classname="sendingbodyasobject.SendingBodyUsingString" name="createAnUser" time="3.246"/>
  <system-out/>
</testsuite> <!-- sendingbodyasobject.SendingBodyUsingString -->
