<?xml version="1.0" encoding="UTF-8"?>
<!-- Generated by org.testng.reporters.JUnitReportReporter -->
<testsuite hostname="DESKTOP-4QG5HHP" failures="0" tests="1" name="spotifyAPIs.ChangePlaylistDetails" time="1.983" errors="0" timestamp="2023-08-14T08:24:08 IST" skipped="0">
  <testcase classname="spotifyAPIs.ChangePlaylistDetails" name="updatePlaylist" time="1.983"/>
  <system-out/>
</testsuite> <!-- spotifyAPIs.ChangePlaylistDetails -->
