<?xml version="1.0" encoding="UTF-8"?>
<!-- Generated by org.testng.reporters.JUnitReportReporter -->
<testsuite hostname="DESKTOP-4QG5HHP" failures="0" tests="1" name="pathandqueryparam.EchoGetRequestForMultipleQueryParams" time="4.220" errors="0" timestamp="2023-07-29T19:22:27 IST" skipped="0">
  <testcase classname="pathandqueryparam.EchoGetRequestForMultipleQueryParams" name="getEchoParam" time="4.220"/>
  <system-out/>
</testsuite> <!-- pathandqueryparam.EchoGetRequestForMultipleQueryParams -->
