<?xml version="1.0" encoding="UTF-8"?>
<!-- Generated by org.testng.reporters.JUnitReportReporter -->
<testsuite hostname="DESKTOP-5EVK54D" failures="0" tests="1" name="pathandqueryparam.EchoGetRequest" time="6.028" errors="0" timestamp="2023-07-21T21:33:32 IST" skipped="0">
  <testcase classname="pathandqueryparam.EchoGetRequest" name="getEchoParam" time="6.028"/>
  <system-out/>
</testsuite> <!-- pathandqueryparam.EchoGetRequest -->
