<?xml version="1.0" encoding="UTF-8"?>
<!-- Generated by org.testng.reporters.JUnitReportReporter -->
<testsuite hostname="DESKTOP-4QG5HHP" failures="0" tests="1" name="basiccalls.CreateWorkspace" time="3.052" errors="0" timestamp="2023-07-29T19:08:58 IST" skipped="0">
  <testcase classname="basiccalls.CreateWorkspace" name="createAWorkspace" time="3.052"/>
  <system-out/>
</testsuite> <!-- basiccalls.CreateWorkspace -->
