<?xml version="1.0" encoding="UTF-8"?>
<!-- Generated by org.testng.reporters.JUnitReportReporter -->
<testsuite hostname="DESKTOP-4QG5HHP" failures="0" tests="1" name="basiccalls.GetUserDetails" time="2.341" errors="0" timestamp="2023-07-29T19:14:56 IST" skipped="0">
  <testcase classname="basiccalls.GetUserDetails" name="getUserDetails" time="2.341"/>
  <system-out/>
</testsuite> <!-- basiccalls.GetUserDetails -->
