<?xml version="1.0" encoding="UTF-8"?>
<!-- Generated by org.testng.reporters.JUnitReportReporter -->
<testsuite hostname="DESKTOP-5EVK54D" failures="0" tests="1" name="assertionsfromrestassured.AssertionsUsage" time="6.866" errors="0" timestamp="2023-07-20T21:34:19 IST" skipped="0">
  <testcase classname="assertionsfromrestassured.AssertionsUsage" name="getAllWorkspaces" time="6.866"/>
  <system-out/>
</testsuite> <!-- assertionsfromrestassured.AssertionsUsage -->
