<?xml version="1.0" encoding="UTF-8"?>
<!-- Generated by org.testng.reporters.JUnitReportReporter -->
<testsuite hostname="DESKTOP-4QG5HHP" failures="0" tests="1" name="sendingbodyasobject.MockGetRequest" time="3.793" errors="0" timestamp="2023-07-29T19:25:49 IST" skipped="0">
  <testcase classname="sendingbodyasobject.MockGetRequest" name="getResponse" time="3.793"/>
  <system-out/>
</testsuite> <!-- sendingbodyasobject.MockGetRequest -->
