<?xml version="1.0" encoding="UTF-8"?>
<!-- Generated by org.testng.reporters.JUnitReportReporter -->
<testsuite hostname="DESKTOP-4QG5HHP" failures="0" tests="1" name="authSchemes.BearerToken" time="2.589" errors="0" timestamp="2023-08-03T20:26:39 IST" skipped="0">
  <testcase classname="authSchemes.BearerToken" name="getRepositories" time="2.589"/>
  <system-out/>
</testsuite> <!-- authSchemes.BearerToken -->
