<?xml version="1.0" encoding="UTF-8"?>
<!-- Generated by org.testng.reporters.JUnitReportReporter -->
<testsuite hostname="DESKTOP-4QG5HHP" failures="0" tests="1" name="fetchdatafromresponse.CreateWorkspace" time="4.342" errors="0" timestamp="2023-07-29T19:16:36 IST" skipped="0">
  <testcase classname="fetchdatafromresponse.CreateWorkspace" name="createAWorkspace" time="4.342"/>
  <system-out/>
</testsuite> <!-- fetchdatafromresponse.CreateWorkspace -->
