<?xml version="1.0" encoding="UTF-8"?>
<!-- Generated by org.testng.reporters.JUnitReportReporter -->
<testsuite hostname="DESKTOP-4QG5HHP" failures="0" tests="5" name="eCommerseAPIS.eCommerseAPIs" time="4.015" errors="0" timestamp="2023-07-29T22:44:41 IST" skipped="1">
  <testcase classname="eCommerseAPIS.eCommerseAPIs" name="loginToApplication" time="2.885"/>
  <system-out/>
  <testcase classname="eCommerseAPIS.eCommerseAPIs" name="addProduct" time="0.370"/>
  <system-out/>
  <testcase classname="eCommerseAPIS.eCommerseAPIs" name="placeOrder" time="0.428"/>
  <system-out/>
  <testcase classname="eCommerseAPIS.eCommerseAPIs" name="getOrderDetails" time="0.332"/>
  <system-out/>
  <testcase classname="eCommerseAPIS.eCommerseAPIs" name="deleteProduct">
    <skipped/>
  </testcase> <!-- deleteProduct -->
  <system-out/>
</testsuite> <!-- eCommerseAPIS.eCommerseAPIs -->
