<?xml version="1.0" encoding="UTF-8"?>
<!-- Generated by org.testng.reporters.JUnitReportReporter -->
<testsuite hostname="DESKTOP-4QG5HHP" failures="0" tests="1" name="serializationAndDeserailization.CreateUser" time="3.439" errors="0" timestamp="2023-08-11T11:01:31 IST" skipped="0">
  <testcase classname="serializationAndDeserailization.CreateUser" name="createUser" time="3.439"/>
  <system-out/>
</testsuite> <!-- serializationAndDeserailization.CreateUser -->
