<?xml version="1.0" encoding="UTF-8"?>
<!-- Generated by org.testng.reporters.JUnitReportReporter -->
<testsuite hostname="DESKTOP-4QG5HHP" failures="0" tests="1" name="serializationAndDeserailization.GetUserDetails" time="2.347" errors="0" timestamp="2023-08-03T06:58:16 IST" skipped="0">
  <testcase classname="serializationAndDeserailization.GetUserDetails" name="getUserDetails" time="2.347"/>
  <system-out/>
</testsuite> <!-- serializationAndDeserailization.GetUserDetails -->
