<?xml version="1.0" encoding="UTF-8"?>
<!-- Generated by org.testng.reporters.JUnitReportReporter -->
<testsuite hostname="DESKTOP-5EVK54D" failures="0" tests="2" name="apichaining.CreateUserAndGet" time="8.980" errors="0" timestamp="2023-07-24T20:55:39 IST" skipped="0">
  <testcase classname="apichaining.CreateUserAndGet" name="createAnUser" time="7.781"/>
  <system-out/>
  <testcase classname="apichaining.CreateUserAndGet" name="getUserDetails" time="1.199"/>
  <system-out/>
</testsuite> <!-- apichaining.CreateUserAndGet -->
