<?xml version="1.0" encoding="UTF-8"?>
<!-- Generated by org.testng.reporters.JUnitReportReporter -->
<testsuite hostname="DESKTOP-4QG5HHP" failures="0" tests="1" name="sendingbodyasobject.PostComplexJsonBody" time="4.492" errors="0" timestamp="2023-07-30T13:34:40 IST" skipped="0">
  <testcase classname="sendingbodyasobject.PostComplexJsonBody" name="sendingComplexJsonAsBody" time="4.492"/>
  <system-out/>
</testsuite> <!-- sendingbodyasobject.PostComplexJsonBody -->
