<?xml version="1.0" encoding="UTF-8"?>
<!-- Generated by org.testng.reporters.JUnitReportReporter -->
<testsuite hostname="DESKTOP-4QG5HHP" failures="0" tests="1" name="sendingbodyasobject.ComplexMockPostCall" time="3.796" errors="0" timestamp="2023-07-29T19:31:20 IST" skipped="0">
  <testcase classname="sendingbodyasobject.ComplexMockPostCall" name="postCall" time="3.796"/>
  <system-out/>
</testsuite> <!-- sendingbodyasobject.ComplexMockPostCall -->
