<?xml version="1.0" encoding="UTF-8"?>
<!-- Generated by org.testng.reporters.JUnitReportReporter -->
<testsuite hostname="DESKTOP-4QG5HHP" failures="0" tests="1" name="basiccalls.UpdateWorkspace" time="2.853" errors="0" timestamp="2023-07-29T19:10:42 IST" skipped="0">
  <testcase classname="basiccalls.UpdateWorkspace" name="createAWorkspace" time="2.853"/>
  <system-out/>
</testsuite> <!-- basiccalls.UpdateWorkspace -->
